[debug] [2022-03-21T13:45:50.534Z] ----------------------------------------------------------------------
[debug] [2022-03-21T13:45:50.536Z] Command:       /usr/local/bin/node /usr/local/bin/firebase deploy --only hosting
[debug] [2022-03-21T13:45:50.536Z] CLI Version:   10.3.1
[debug] [2022-03-21T13:45:50.537Z] Platform:      darwin
[debug] [2022-03-21T13:45:50.537Z] Node Version:  v16.14.1
[debug] [2022-03-21T13:45:50.540Z] Time:          Mon Mar 21 2022 22:45:50 GMT+0900 (대한민국 표준시)
[debug] [2022-03-21T13:45:50.541Z] ----------------------------------------------------------------------
[debug] 
[debug] [2022-03-21T13:45:50.546Z] >>> [apiv2][query] GET https://firebase-public.firebaseio.com/cli.json [none]
[debug] [2022-03-21T13:45:50.641Z] Object ".functions" in "firebase.json" has unknown property: {"additionalProperty":"functions"}
[debug] [2022-03-21T13:45:50.647Z] > command requires scopes: ["email","openid","https://www.googleapis.com/auth/cloudplatformprojects.readonly","https://www.googleapis.com/auth/firebase","https://www.googleapis.com/auth/cloud-platform"]
[debug] [2022-03-21T13:45:50.648Z] > authorizing via signed-in user (rhdwkrxla68@gmail.com)
[debug] [2022-03-21T13:45:50.648Z] [iam] checking project univdev-resume for permissions ["firebase.projects.get","firebasehosting.sites.update"]
[debug] [2022-03-21T13:45:50.649Z] > refreshing access token with scopes: []
[debug] [2022-03-21T13:45:50.650Z] >>> HTTP REQUEST POST https://www.googleapis.com/oauth2/v3/token  
 <request body omitted>
[debug] [2022-03-21T13:45:50.866Z] <<< HTTP RESPONSE 200 {"expires":"Mon, 01 Jan 1990 00:00:00 GMT","cache-control":"no-cache, no-store, max-age=0, must-revalidate","pragma":"no-cache","date":"Mon, 21 Mar 2022 13:45:50 GMT","content-type":"application/json; charset=utf-8","vary":"X-Origin, Referer, Origin,Accept-Encoding","server":"scaffolding on HTTPServer2","x-xss-protection":"0","x-frame-options":"SAMEORIGIN","x-content-type-options":"nosniff","alt-svc":"h3=\":443\"; ma=2592000,h3-29=\":443\"; ma=2592000,h3-Q050=\":443\"; ma=2592000,h3-Q046=\":443\"; ma=2592000,h3-Q043=\":443\"; ma=2592000,quic=\":443\"; ma=2592000; v=\"46,43\"","accept-ranges":"none","transfer-encoding":"chunked"}
[debug] [2022-03-21T13:45:50.919Z] >>> [apiv2][query] POST https://cloudresourcemanager.googleapis.com/v1/projects/univdev-resume:testIamPermissions [none]
[debug] [2022-03-21T13:45:50.920Z] >>> [apiv2][body] POST https://cloudresourcemanager.googleapis.com/v1/projects/univdev-resume:testIamPermissions {"permissions":["firebase.projects.get","firebasehosting.sites.update"]}
[debug] [2022-03-21T13:45:51.151Z] <<< [apiv2][status] GET https://firebase-public.firebaseio.com/cli.json 200
[debug] [2022-03-21T13:45:51.152Z] <<< [apiv2][body] GET https://firebase-public.firebaseio.com/cli.json {"cloudBuildErrorAfter":1594252800000,"cloudBuildWarnAfter":1590019200000,"defaultNode10After":1594252800000,"minVersion":"3.0.5","node8DeploysDisabledAfter":1613390400000,"node8RuntimeDisabledAfter":1615809600000,"node8WarnAfter":1600128000000}
